<?xml version="1.0" encoding="UTF-8"?>
<!-- Generated by org.testng.reporters.JUnitReportReporter -->
<testsuite hostname="Yogesh-PC" failures="0" tests="1" name="Base.Base_Class" time="56.703" errors="0" timestamp="2022-10-09T08:50:08 IST" skipped="0">
  <testcase classname="Base.Base_Class" name="initializeBrowser" time="56.703"/>
  <system-out/>
</testsuite> <!-- Base.Base_Class -->
