<?xml version="1.0" encoding="UTF-8"?>
<!-- Generated by org.testng.reporters.JUnitReportReporter -->
<testsuite hostname="Yogesh-PC" failures="0" tests="1" name="POSTMethod.postM" time="4.214" errors="0" timestamp="2022-09-23T19:35:48 IST" skipped="0">
  <testcase classname="POSTMethod.postM" name="test_method" time="4.214"/>
  <system-out/>
</testsuite> <!-- POSTMethod.postM -->
