<?xml version="1.0" encoding="UTF-8"?>
<!-- Generated by org.testng.reporters.JUnitReportReporter -->
<testsuite hostname="Yogesh-PC" failures="0" tests="1" name="RestTest.TestGet_1" time="7.247" errors="0" timestamp="2022-09-22T17:42:03 IST" skipped="0">
  <testcase classname="RestTest.TestGet_1" name="test_01" time="7.247"/>
  <system-out/>
</testsuite> <!-- RestTest.TestGet_1 -->
