<?xml version="1.0" encoding="UTF-8"?>
<!-- Generated by org.testng.reporters.JUnitReportReporter -->
<testsuite hostname="Yogesh-PC" failures="0" tests="1" name="RestTest.TestPost_01" time="3.774" errors="0" timestamp="2022-09-23T19:49:51 IST" skipped="0">
  <testcase classname="RestTest.TestPost_01" name="delete_01" time="3.774"/>
  <system-out/>
</testsuite> <!-- RestTest.TestPost_01 -->
