<?xml version="1.0" encoding="UTF-8"?>
<!-- Generated by org.testng.reporters.JUnitReportReporter -->
<testsuite hostname="Yogesh-PC" failures="0" tests="2" name="RestTest.GETTest" time="6.985" errors="0" timestamp="2022-09-20T23:13:42 IST" skipped="0">
  <testcase classname="RestTest.GETTest" name="testGetMethod_01" time="2.024"/>
  <system-out/>
  <testcase classname="RestTest.GETTest" name="testGetMethod" time="4.961"/>
  <system-out>
    <![CDATA[Code matches]]>
  </system-out>
</testsuite> <!-- RestTest.GETTest -->
