<?xml version="1.0" encoding="UTF-8"?>
<!-- Generated by org.testng.reporters.JUnitReportReporter -->
<testsuite hostname="Yogesh-PC" failures="0" tests="1" name="HMSTest.HMSTestClass" time="1.810" errors="0" timestamp="2022-09-17T22:06:27 IST" skipped="0">
  <testcase classname="HMSTest.HMSTestClass" name="verify" time="1.810"/>
  <system-out>
    <![CDATA[User is on Homepage]]>
  </system-out>
</testsuite> <!-- HMSTest.HMSTestClass -->
